0 info it worked if it ends with ok
1 verbose cli [ 'node', '/usr/bin/npm', 'start' ]
2 info using npm@2.13.5
3 info using node@v0.12.7
4 verbose run-script [ 'prestart', 'start', 'poststart' ]
5 info prestart listen-to-rre-api@1.0.0
6 info start listen-to-rre-api@1.0.0
7 verbose unsafe-perm in lifecycle true
8 info listen-to-rre-api@1.0.0 Failed to exec start script
9 verbose stack Error: listen-to-rre-api@1.0.0 start: `node main.js`
9 verbose stack Exit status 1
9 verbose stack     at EventEmitter.<anonymous> (/usr/lib/node_modules/npm/lib/utils/lifecycle.js:214:16)
9 verbose stack     at EventEmitter.emit (events.js:110:17)
9 verbose stack     at ChildProcess.<anonymous> (/usr/lib/node_modules/npm/lib/utils/spawn.js:24:14)
9 verbose stack     at ChildProcess.emit (events.js:110:17)
9 verbose stack     at maybeClose (child_process.js:1015:16)
9 verbose stack     at Process.ChildProcess._handle.onexit (child_process.js:1087:5)
10 verbose pkgid listen-to-rre-api@1.0.0
11 verbose cwd /home/dswain/Code/listen-to-railroad-earth/src/server/api
12 error Linux 4.1.5-1-ARCH
13 error argv "node" "/usr/bin/npm" "start"
14 error node v0.12.7
15 error npm  v2.13.5
16 error code ELIFECYCLE
17 error listen-to-rre-api@1.0.0 start: `node main.js`
17 error Exit status 1
18 error Failed at the listen-to-rre-api@1.0.0 start script 'node main.js'.
18 error This is most likely a problem with the listen-to-rre-api package,
18 error not with npm itself.
18 error Tell the author that this fails on your system:
18 error     node main.js
18 error You can get their info via:
18 error     npm owner ls listen-to-rre-api
18 error There is likely additional logging output above.
19 verbose exit [ 1, true ]
